<?xml version="1.0" encoding="UTF-8"?>
<testng-results ignored="0" total="2" passed="2" failed="0" skipped="0">
  <reporter-output>
  </reporter-output>
  <suite started-at="2023-10-17T16:52:02 IST" name="Suite" finished-at="2023-10-17T16:52:14 IST" duration-ms="12065">
    <groups>
    </groups>
    <test started-at="2023-10-17T16:52:02 IST" name="Test" finished-at="2023-10-17T16:52:14 IST" duration-ms="12065">
      <class name="ParallelExecution.TestsClass">
        <test-method signature="restrictionPage_chrome()[pri:0, instance:ParallelExecution.TestsClass@130161f7]" started-at="2023-10-17T16:52:02 IST" name="restrictionPage_chrome" finished-at="2023-10-17T16:52:10 IST" duration-ms="8360" status="PASS">
          <reporter-output>
          </reporter-output>
        </test-method> <!-- restrictionPage_chrome -->
        <test-method signature="restrictionPage_firefox()[pri:0, instance:ParallelExecution.TestsClass@130161f7]" started-at="2023-10-17T16:52:02 IST" name="restrictionPage_firefox" finished-at="2023-10-17T16:52:14 IST" duration-ms="12015" status="PASS">
          <reporter-output>
          </reporter-output>
        </test-method> <!-- restrictionPage_firefox -->
      </class> <!-- ParallelExecution.TestsClass -->
    </test> <!-- Test -->
  </suite> <!-- Suite -->
</testng-results>
